Using pre-set license
Built from '2021.3/staging' branch; Version is '2021.3.14f1 (eee1884e7226) revision 15655304'; Using compiler version '192829333'; Build Type 'Release'
OS: 'Windows 10  (10.0.19045) 64bit Core' Language: 'ru' Physical Memory: 24524 MB
BatchMode: 1, IsHumanControllingUs: 0, StartBugReporterOnCrash: 0, Is64bit: 1, IsPro: 1

COMMAND LINE ARGUMENTS:
C:\Program Files\Unity\Hub\Editor\2021.3.14f1\Editor\Unity.exe
-adb2
-batchMode
-noUpm
-name
AssetImportWorker0
-projectPath
D:/проекты/FiveSemestrFinalProject/FiveSimestrProjects
-logFile
Logs/AssetImportWorker0.log
-srvPort
58332
Successfully changed project path to: D:/проекты/FiveSemestrFinalProject/FiveSimestrProjects
D:/проекты/FiveSemestrFinalProject/FiveSimestrProjects
[UnityMemory] Configuration Parameters - Can be set up in boot.config
    "memorysetup-bucket-allocator-granularity=16"
    "memorysetup-bucket-allocator-bucket-count=8"
    "memorysetup-bucket-allocator-block-size=33554432"
    "memorysetup-bucket-allocator-block-count=8"
    "memorysetup-main-allocator-block-size=16777216"
    "memorysetup-thread-allocator-block-size=16777216"
    "memorysetup-gfx-main-allocator-block-size=16777216"
    "memorysetup-gfx-thread-allocator-block-size=16777216"
    "memorysetup-cache-allocator-block-size=4194304"
    "memorysetup-typetree-allocator-block-size=2097152"
    "memorysetup-profiler-bucket-allocator-granularity=16"
    "memorysetup-profiler-bucket-allocator-bucket-count=8"
    "memorysetup-profiler-bucket-allocator-block-size=33554432"
    "memorysetup-profiler-bucket-allocator-block-count=8"
    "memorysetup-profiler-allocator-block-size=16777216"
    "memorysetup-profiler-editor-allocator-block-size=1048576"
    "memorysetup-temp-allocator-size-main=16777216"
    "memorysetup-job-temp-allocator-block-size=2097152"
    "memorysetup-job-temp-allocator-block-size-background=1048576"
    "memorysetup-job-temp-allocator-reduction-small-platforms=262144"
    "memorysetup-temp-allocator-size-background-worker=32768"
    "memorysetup-temp-allocator-size-job-worker=262144"
    "memorysetup-temp-allocator-size-preload-manager=33554432"
    "memorysetup-temp-allocator-size-nav-mesh-worker=65536"
    "memorysetup-temp-allocator-size-audio-worker=65536"
    "memorysetup-temp-allocator-size-cloud-worker=32768"
    "memorysetup-temp-allocator-size-gi-baking-worker=262144"
    "memorysetup-temp-allocator-size-gfx=262144"
Refreshing native plugins compatible for Editor in 83.27 ms, found 3 plugins.
Preloading 0 native plugins for Editor in 0.00 ms.
Initialize engine version: 2021.3.14f1 (eee1884e7226)
[Subsystems] Discovering subsystems at path C:/Program Files/Unity/Hub/Editor/2021.3.14f1/Editor/Data/Resources/UnitySubsystems
[Subsystems] Discovering subsystems at path D:/проекты/FiveSemestrFinalProject/FiveSimestrProjects/Assets
GfxDevice: creating device client; threaded=0; jobified=0
Direct3D:
    Version:  Direct3D 11.0 [level 11.1]
    Renderer: NVIDIA GeForce RTX 2070 SUPER (ID=0x1e84)
    Vendor:   NVIDIA
    VRAM:     8011 MB
    Driver:   30.0.14.9709
Initialize mono
Mono path[0] = 'C:/Program Files/Unity/Hub/Editor/2021.3.14f1/Editor/Data/Managed'
Mono path[1] = 'C:/Program Files/Unity/Hub/Editor/2021.3.14f1/Editor/Data/MonoBleedingEdge/lib/mono/unityjit-win32'
Mono config path = 'C:/Program Files/Unity/Hub/Editor/2021.3.14f1/Editor/Data/MonoBleedingEdge/etc'
Using monoOptions --debugger-agent=transport=dt_socket,embedding=1,server=y,suspend=n,address=127.0.0.1:56484
Begin MonoManager ReloadAssembly
Registering precompiled unity dll's ...
Register platform support module: C:/Program Files/Unity/Hub/Editor/2021.3.14f1/Editor/Data/PlaybackEngines/WebGLSupport/UnityEditor.WebGL.Extensions.dll
Register platform support module: C:/Program Files/Unity/Hub/Editor/2021.3.14f1/Editor/Data/PlaybackEngines/WindowsStandaloneSupport/UnityEditor.WindowsStandalone.Extensions.dll
Registered in 0.007211 seconds.
Native extension for WindowsStandalone target not found
Native extension for WebGL target not found
Refreshing native plugins compatible for Editor in 76.79 ms, found 3 plugins.
Preloading 0 native plugins for Editor in 0.00 ms.
Mono: successfully reloaded assembly
- Completed reload, in  0.581 seconds
Domain Reload Profiling:
	ReloadAssembly (582ms)
		BeginReloadAssembly (84ms)
			ExecutionOrderSort (0ms)
			DisableScriptedObjects (0ms)
			BackupInstance (0ms)
			ReleaseScriptingObjects (0ms)
			CreateAndSetChildDomain (1ms)
		EndReloadAssembly (396ms)
			LoadAssemblies (82ms)
			RebuildTransferFunctionScriptingTraits (0ms)
			SetupTypeCache (95ms)
			ReleaseScriptCaches (0ms)
			RebuildScriptCaches (24ms)
			SetupLoadedEditorAssemblies (232ms)
				LogAssemblyErrors (0ms)
				InitializePlatformSupportModulesInManaged (8ms)
				SetLoadedEditorAssemblies (0ms)
				RefreshPlugins (77ms)
				BeforeProcessingInitializeOnLoad (1ms)
				ProcessInitializeOnLoadAttributes (107ms)
				ProcessInitializeOnLoadMethodAttributes (38ms)
				AfterProcessingInitializeOnLoad (0ms)
				EditorAssembliesLoaded (0ms)
			ExecutionOrderSort2 (0ms)
			AwakeInstancesAfterBackupRestoration (0ms)
Platform modules already initialized, skipping
Registering precompiled user dll's ...
Registered in 0.004812 seconds.
Begin MonoManager ReloadAssembly
Symbol file LoadedFromMemory doesn't match image D:\проекты\FiveSemestrFinalProject\FiveSimestrProjects\Library\PackageCache\com.unity.visualscripting@1.7.8\Editor\VisualScripting.Core\Dependencies\YamlDotNet\Unity.VisualScripting.YamlDotNet.dll
Symbol file LoadedFromMemory doesn't match image D:\проекты\FiveSemestrFinalProject\FiveSimestrProjects\Library\PackageCache\com.unity.visualscripting@1.7.8\Editor\VisualScripting.Core\Dependencies\DotNetZip\Unity.VisualScripting.IonicZip.dll
Native extension for WindowsStandalone target not found
Native extension for WebGL target not found
Refreshing native plugins compatible for Editor in 0.50 ms, found 3 plugins.
Preloading 0 native plugins for Editor in 0.00 ms.
Mono: successfully reloaded assembly
- Completed reload, in  0.888 seconds
Domain Reload Profiling:
	ReloadAssembly (888ms)
		BeginReloadAssembly (101ms)
			ExecutionOrderSort (0ms)
			DisableScriptedObjects (5ms)
			BackupInstance (0ms)
			ReleaseScriptingObjects (0ms)
			CreateAndSetChildDomain (17ms)
		EndReloadAssembly (683ms)
			LoadAssemblies (75ms)
			RebuildTransferFunctionScriptingTraits (0ms)
			SetupTypeCache (232ms)
			ReleaseScriptCaches (1ms)
			RebuildScriptCaches (42ms)
			SetupLoadedEditorAssemblies (309ms)
				LogAssemblyErrors (0ms)
				InitializePlatformSupportModulesInManaged (6ms)
				SetLoadedEditorAssemblies (0ms)
				RefreshPlugins (1ms)
				BeforeProcessingInitializeOnLoad (86ms)
				ProcessInitializeOnLoadAttributes (184ms)
				ProcessInitializeOnLoadMethodAttributes (24ms)
				AfterProcessingInitializeOnLoad (8ms)
				EditorAssembliesLoaded (0ms)
			ExecutionOrderSort2 (0ms)
			AwakeInstancesAfterBackupRestoration (5ms)
Platform modules already initialized, skipping
========================================================================
Worker process is ready to serve import requests
Launched and connected shader compiler UnityShaderCompiler.exe after 0.10 seconds
Refreshing native plugins compatible for Editor in 0.67 ms, found 3 plugins.
Preloading 0 native plugins for Editor in 0.00 ms.
Unloading 3374 Unused Serialized files (Serialized files now loaded: 0)
Unloading 27 unused Assets / (113.4 KB). Loaded Objects now: 3831.
Memory consumption went from 115.8 MB to 115.7 MB.
Total: 3.685300 ms (FindLiveObjects: 0.342400 ms CreateObjectMapping: 0.091900 ms MarkObjects: 3.147600 ms  DeleteObjects: 0.102700 ms)

AssetImportParameters requested are different than current active one (requested -> active):
  custom:video-decoder-ogg-theora: a1e56fd34408186e4bbccfd4996cb3dc -> 
  custom:container-muxer-webm: aa71ff27fc2769a1b78a27578f13a17b -> 
  custom:container-demuxer-webm: 4f35f7cbe854078d1ac9338744f61a02 -> 
  custom:video-encoder-webm-vp8: eb34c28f22e8b96e1ab97ce403110664 -> 
  custom:audio-encoder-webm-vorbis: bf7c407c2cedff20999df2af8eb42d56 -> 
  custom:framework-win-MediaFoundation: 216162199b28c13a410421893ffa2e32 -> 
  custom:container-demuxer-ogg: 62fdf1f143b41e24485cea50d1cbac27 -> 
  custom:video-decoder-webm-vp8: 9c59270c3fd7afecdb556c50c9e8de78 -> 
  custom:audio-decoder-ogg-vorbis: bf7c407c2cedff20999df2af8eb42d56 -> 
========================================================================
Received Import Request.
  Time since last request: 421081.323474 seconds.
  path: Assets/_Source/MVC/ScoreLoad.cs
  artifactKey: Guid(d0e85e9584fecda42ad57ad6f90961b1) Importer(815301076,1909f56bfc062723c751e8b465ee728b)
Start importing Assets/_Source/MVC/ScoreLoad.cs using Guid(d0e85e9584fecda42ad57ad6f90961b1) Importer(815301076,1909f56bfc062723c751e8b465ee728b)  -> (artifact id: '6243e67f4ad366c3e6e455875be40776') in 0.027281 seconds 
========================================================================
Received Import Request.
  Time since last request: 25.578324 seconds.
  path: Assets/_Source/MVC/ScoreLoad.cs
  artifactKey: Guid(d0e85e9584fecda42ad57ad6f90961b1) Importer(815301076,1909f56bfc062723c751e8b465ee728b)
Start importing Assets/_Source/MVC/ScoreLoad.cs using Guid(d0e85e9584fecda42ad57ad6f90961b1) Importer(815301076,1909f56bfc062723c751e8b465ee728b)  -> (artifact id: 'f1f36ac731c16fe1ab1715228526a968') in 0.002011 seconds 
========================================================================
Received Import Request.
  Time since last request: 117.906511 seconds.
  path: Assets/_Source/MVC/ScoreLoad.cs
  artifactKey: Guid(d0e85e9584fecda42ad57ad6f90961b1) Importer(815301076,1909f56bfc062723c751e8b465ee728b)
Start importing Assets/_Source/MVC/ScoreLoad.cs using Guid(d0e85e9584fecda42ad57ad6f90961b1) Importer(815301076,1909f56bfc062723c751e8b465ee728b)  -> (artifact id: '1ef397b2d943d2eec485225f53a8c3d3') in 0.001914 seconds 
========================================================================
Received Import Request.
  Time since last request: 138.913289 seconds.
  path: Assets/_Source/MVC/ScoreLoad.cs
  artifactKey: Guid(d0e85e9584fecda42ad57ad6f90961b1) Importer(815301076,1909f56bfc062723c751e8b465ee728b)
Start importing Assets/_Source/MVC/ScoreLoad.cs using Guid(d0e85e9584fecda42ad57ad6f90961b1) Importer(815301076,1909f56bfc062723c751e8b465ee728b)  -> (artifact id: '911086ad8b1edb50a67aaba35766bc37') in 0.002073 seconds 
========================================================================
Received Import Request.
  Time since last request: 59.744887 seconds.
  path: Assets/_Source/MVC/ScoreLoad.cs
  artifactKey: Guid(d0e85e9584fecda42ad57ad6f90961b1) Importer(815301076,1909f56bfc062723c751e8b465ee728b)
Start importing Assets/_Source/MVC/ScoreLoad.cs using Guid(d0e85e9584fecda42ad57ad6f90961b1) Importer(815301076,1909f56bfc062723c751e8b465ee728b)  -> (artifact id: '4c2a921ba0ced3bc9e12fe43b2aa4413') in 0.002302 seconds 
========================================================================
Received Import Request.
  Time since last request: 180.189659 seconds.
  path: Assets/_Source/MVC/ScoreLoad.cs
  artifactKey: Guid(d0e85e9584fecda42ad57ad6f90961b1) Importer(815301076,1909f56bfc062723c751e8b465ee728b)
Start importing Assets/_Source/MVC/ScoreLoad.cs using Guid(d0e85e9584fecda42ad57ad6f90961b1) Importer(815301076,1909f56bfc062723c751e8b465ee728b)  -> (artifact id: '49eb95253c76238a751743487fb4e8e0') in 0.002348 seconds 
========================================================================
Received Import Request.
  Time since last request: 31.015308 seconds.
  path: Assets/_Source/MVC/ScoreLoad.cs
  artifactKey: Guid(d0e85e9584fecda42ad57ad6f90961b1) Importer(815301076,1909f56bfc062723c751e8b465ee728b)
Start importing Assets/_Source/MVC/ScoreLoad.cs using Guid(d0e85e9584fecda42ad57ad6f90961b1) Importer(815301076,1909f56bfc062723c751e8b465ee728b)  -> (artifact id: 'efc15df6e285ecb36a137eed2dd65c4e') in 0.002146 seconds 
========================================================================
Received Import Request.
  Time since last request: 215.564454 seconds.
  path: Assets/_Source/MVC/ScoreLoad.cs
  artifactKey: Guid(d0e85e9584fecda42ad57ad6f90961b1) Importer(815301076,1909f56bfc062723c751e8b465ee728b)
Start importing Assets/_Source/MVC/ScoreLoad.cs using Guid(d0e85e9584fecda42ad57ad6f90961b1) Importer(815301076,1909f56bfc062723c751e8b465ee728b)  -> (artifact id: '9f8528126c188aaf9d7c806afaefb531') in 0.006674 seconds 
========================================================================
Received Import Request.
  Time since last request: 37.711114 seconds.
  path: Assets/_Source/Player/ShootInput.cs
  artifactKey: Guid(1cafbad7127ec2b4c8ece553ca28ae76) Importer(815301076,1909f56bfc062723c751e8b465ee728b)
Start importing Assets/_Source/Player/ShootInput.cs using Guid(1cafbad7127ec2b4c8ece553ca28ae76) Importer(815301076,1909f56bfc062723c751e8b465ee728b)  -> (artifact id: '539a46e14790094d601af0437b064001') in 0.005228 seconds 
========================================================================
Received Import Request.
  Time since last request: 0.532218 seconds.
  path: Assets/_Source/Player/Bullet.cs
  artifactKey: Guid(a46cecb6d9d0de74da9d330e28f717b9) Importer(815301076,1909f56bfc062723c751e8b465ee728b)
Start importing Assets/_Source/Player/Bullet.cs using Guid(a46cecb6d9d0de74da9d330e28f717b9) Importer(815301076,1909f56bfc062723c751e8b465ee728b)  -> (artifact id: 'cf74b0ef5d05ee404b12431c6de4798e') in 0.005581 seconds 
========================================================================
Received Import Request.
  Time since last request: 57.083336 seconds.
  path: Assets/_Source/Player/Bullet.cs
  artifactKey: Guid(a46cecb6d9d0de74da9d330e28f717b9) Importer(815301076,1909f56bfc062723c751e8b465ee728b)
Start importing Assets/_Source/Player/Bullet.cs using Guid(a46cecb6d9d0de74da9d330e28f717b9) Importer(815301076,1909f56bfc062723c751e8b465ee728b)  -> (artifact id: 'b418f9d9c01abb11aa96a376244aed87') in 0.002072 seconds 
========================================================================
Received Import Request.
  Time since last request: 1849.773289 seconds.
  path: Assets/_Source/SO/TowerInfoSO.cs
  artifactKey: Guid(628e51ec30e12ff47859d4cb7f74b26a) Importer(815301076,1909f56bfc062723c751e8b465ee728b)
Start importing Assets/_Source/SO/TowerInfoSO.cs using Guid(628e51ec30e12ff47859d4cb7f74b26a) Importer(815301076,1909f56bfc062723c751e8b465ee728b)  -> (artifact id: '23ae2a7b9da8666c1aa6bdaa2f332518') in 0.005887 seconds 
========================================================================
Received Import Request.
  Time since last request: 7.022011 seconds.
  path: Assets/_Source/SO/TowerInfo.cs
  artifactKey: Guid(628e51ec30e12ff47859d4cb7f74b26a) Importer(815301076,1909f56bfc062723c751e8b465ee728b)
Start importing Assets/_Source/SO/TowerInfo.cs using Guid(628e51ec30e12ff47859d4cb7f74b26a) Importer(815301076,1909f56bfc062723c751e8b465ee728b)  -> (artifact id: '8b9f3be5b08ad224029f5abcc46217eb') in 0.005994 seconds 
========================================================================
Received Import Request.
  Time since last request: 44.408458 seconds.
  path: Assets/_Source/SO/TowerInfo.cs
  artifactKey: Guid(628e51ec30e12ff47859d4cb7f74b26a) Importer(815301076,1909f56bfc062723c751e8b465ee728b)
Start importing Assets/_Source/SO/TowerInfo.cs using Guid(628e51ec30e12ff47859d4cb7f74b26a) Importer(815301076,1909f56bfc062723c751e8b465ee728b)  -> (artifact id: '885db4e75edf228da8e0d12a4d647439') in 0.001942 seconds 
